<?xml version="1.0" encoding="UTF-8"?>
<robot generator="Robot 6.1.1 (Python 3.10.11 on win32)" generated="20240702 14:27:46.513" rpa="false" schemaversion="4">
<suite id="s1" name="Examples" source="C:\Users\PC\Desktop\robot_framework\Examples">
<suite id="s1-s1" name="Employe Managment" source="C:\Users\PC\Desktop\robot_framework\Examples\employe_managment.robot">
<test id="s1-s1-t1" name="User Management" line="10">
<kw name="Given the visitor go to &quot;${URL}&quot; on browser &quot;chrome&quot;" library="connexion_keywords" sourcename="the visitor go to &quot;${url}&quot; on browser &quot;${browser}&quot;">
<kw name="Open Browser" library="SeleniumLibrary">
<arg>${url}</arg>
<arg>${browser}</arg>
<doc>Opens a new browser instance to the optional ``url``.</doc>
<msg timestamp="20240702 14:27:46.908" level="INFO">Opening browser 'chrome' to base url 'https://opensource-demo.orangehrmlive.com/web/index.php/auth/login'.</msg>
<status status="PASS" starttime="20240702 14:27:46.907" endtime="20240702 14:27:50.530"/>
</kw>
<kw name="Maximize Browser Window" library="SeleniumLibrary">
<doc>Maximizes current browser window.</doc>
<status status="PASS" starttime="20240702 14:27:50.530" endtime="20240702 14:27:50.562"/>
</kw>
<kw name="Wait Until Element Is Visible" library="SeleniumLibrary">
<arg>//input[@placeholder="Username"]</arg>
<doc>Waits until the element ``locator`` is visible.</doc>
<status status="PASS" starttime="20240702 14:27:50.563" endtime="20240702 14:27:50.943"/>
</kw>
<status status="PASS" starttime="20240702 14:27:46.906" endtime="20240702 14:27:50.943"/>
</kw>
<kw name="When the visitor fills the username with &quot;${USERNAME}&quot;" library="connexion_keywords" sourcename="the visitor fills the username with &quot;${username}&quot;">
<kw name="Wait Until Element Is Visible" library="SeleniumLibrary">
<arg>//input[@placeholder="Username"]</arg>
<doc>Waits until the element ``locator`` is visible.</doc>
<status status="PASS" starttime="20240702 14:27:50.945" endtime="20240702 14:27:50.987"/>
</kw>
<kw name="Input Text" library="SeleniumLibrary">
<arg>//input[@placeholder="Username"]</arg>
<arg>${username}</arg>
<doc>Types the given ``text`` into the text field identified by ``locator``.</doc>
<msg timestamp="20240702 14:27:50.990" level="INFO">Typing text 'Admin' into text field '//input[@placeholder="Username"]'.</msg>
<status status="PASS" starttime="20240702 14:27:50.988" endtime="20240702 14:27:51.142"/>
</kw>
<status status="PASS" starttime="20240702 14:27:50.944" endtime="20240702 14:27:51.142"/>
</kw>
<kw name="And the visitor fills the password with &quot;${PASSWORD}&quot;" library="connexion_keywords" sourcename="the visitor fills the password with &quot;${password}&quot;">
<kw name="Wait Until Element Is Visible" library="SeleniumLibrary">
<arg>//input[@placeholder="Password"]</arg>
<doc>Waits until the element ``locator`` is visible.</doc>
<status status="PASS" starttime="20240702 14:27:51.144" endtime="20240702 14:27:51.186"/>
</kw>
<kw name="Input Text" library="SeleniumLibrary">
<arg>//input[@placeholder="Password"]</arg>
<arg>${password}</arg>
<doc>Types the given ``text`` into the text field identified by ``locator``.</doc>
<msg timestamp="20240702 14:27:51.188" level="INFO">Typing text 'admin123' into text field '//input[@placeholder="Password"]'.</msg>
<status status="PASS" starttime="20240702 14:27:51.187" endtime="20240702 14:27:51.346"/>
</kw>
<status status="PASS" starttime="20240702 14:27:51.143" endtime="20240702 14:27:51.346"/>
</kw>
<kw name="And the visitor clicks on the login button" library="connexion_keywords">
<kw name="Wait Until Element Is Visible" library="SeleniumLibrary">
<arg>//button[@type="submit"]</arg>
<doc>Waits until the element ``locator`` is visible.</doc>
<status status="PASS" starttime="20240702 14:27:51.347" endtime="20240702 14:27:51.376"/>
</kw>
<kw name="Click Button" library="SeleniumLibrary">
<arg>//button[@type="submit"]</arg>
<doc>Clicks the button identified by ``locator``.</doc>
<msg timestamp="20240702 14:27:51.378" level="INFO">Clicking button '//button[@type="submit"]'.</msg>
<status status="PASS" starttime="20240702 14:27:51.377" endtime="20240702 14:27:51.462"/>
</kw>
<status status="PASS" starttime="20240702 14:27:51.347" endtime="20240702 14:27:51.462"/>
</kw>
<kw name="Then the user should see the dashboard" library="connexion_keywords">
<kw name="Wait Until Element Is Visible" library="SeleniumLibrary">
<arg>//span[text()="Dashboard"]</arg>
<doc>Waits until the element ``locator`` is visible.</doc>
<status status="PASS" starttime="20240702 14:27:51.463" endtime="20240702 14:27:52.644"/>
</kw>
<kw name="Sleep" library="BuiltIn">
<arg>3s</arg>
<doc>Pauses the test executed for the given time.</doc>
<msg timestamp="20240702 14:27:55.658" level="INFO">Slept 3 seconds</msg>
<status status="PASS" starttime="20240702 14:27:52.644" endtime="20240702 14:27:55.658"/>
</kw>
<status status="PASS" starttime="20240702 14:27:51.463" endtime="20240702 14:27:55.658"/>
</kw>
<kw name="And the user click on PIM" library="employe_managment_keywords">
<kw name="Click Main Menu Item By Index" library="side_bar_keywords">
<arg>2</arg>
<kw name="Click Element" library="SeleniumLibrary">
<arg>xpath=(//li[@class='oxd-main-menu-item-wrapper'])[${index}]</arg>
<doc>Click the element identified by ``locator``.</doc>
<msg timestamp="20240702 14:27:55.660" level="INFO">Clicking element 'xpath=(//li[@class='oxd-main-menu-item-wrapper'])[2]'.</msg>
<status status="PASS" starttime="20240702 14:27:55.659" endtime="20240702 14:27:56.261"/>
</kw>
<status status="PASS" starttime="20240702 14:27:55.659" endtime="20240702 14:27:56.261"/>
</kw>
<status status="PASS" starttime="20240702 14:27:55.659" endtime="20240702 14:27:56.261"/>
</kw>
<kw name="Then the user should see the PIM title" library="employe_managment_keywords">
<kw name="Wait Until Element Is Visible" library="SeleniumLibrary">
<arg>//span[text()="PIM"]</arg>
<doc>Waits until the element ``locator`` is visible.</doc>
<status status="PASS" starttime="20240702 14:27:56.262" endtime="20240702 14:27:56.578"/>
</kw>
<kw name="Sleep" library="BuiltIn">
<arg>3s</arg>
<doc>Pauses the test executed for the given time.</doc>
<msg timestamp="20240702 14:27:59.583" level="INFO">Slept 3 seconds</msg>
<status status="PASS" starttime="20240702 14:27:56.578" endtime="20240702 14:27:59.583"/>
</kw>
<status status="PASS" starttime="20240702 14:27:56.262" endtime="20240702 14:27:59.583"/>
</kw>
<tag>employe_managment</tag>
<status status="PASS" starttime="20240702 14:27:46.905" endtime="20240702 14:27:59.584"/>
</test>
<status status="PASS" starttime="20240702 14:27:46.548" endtime="20240702 14:27:59.586"/>
</suite>
<status status="PASS" starttime="20240702 14:27:46.515" endtime="20240702 14:27:59.589"/>
</suite>
<statistics>
<total>
<stat pass="1" fail="0" skip="0">All Tests</stat>
</total>
<tag>
<stat pass="1" fail="0" skip="0">employe_managment</stat>
</tag>
<suite>
<stat pass="1" fail="0" skip="0" id="s1" name="Examples">Examples</stat>
<stat pass="1" fail="0" skip="0" id="s1-s1" name="Employe Managment">Examples.Employe Managment</stat>
</suite>
</statistics>
<errors>
<msg timestamp="20240702 14:27:46.902" level="WARN">Imported resource file 'C:\Users\PC\Desktop\robot_framework\Examples\employe_managment_variables.robot' is empty.</msg>
</errors>
</robot>
