<?xml version="1.0" encoding="UTF-8"?>
<robot generator="Robot 6.1.1 (Python 3.10.11 on win32)" generated="20240702 13:34:11.449" rpa="false" schemaversion="4">
<suite id="s1" name="Examples" source="C:\Users\PC\Desktop\robot_framework\Examples">
<suite id="s1-s1" name="User Managment" source="C:\Users\PC\Desktop\robot_framework\Examples\user_managment.robot">
<test id="s1-s1-t1" name="User Management" line="8">
<kw name="Given the visitor go to &quot;${URL}&quot; on browser &quot;chrome&quot;" library="user_managment_keywords" sourcename="the visitor go to &quot;${url}&quot; on browser &quot;${browser}&quot;">
<kw name="Open Browser" library="SeleniumLibrary">
<arg>${url}</arg>
<arg>${browser}</arg>
<doc>Opens a new browser instance to the optional ``url``.</doc>
<msg timestamp="20240702 13:34:11.825" level="INFO">Opening browser 'chrome' to base url 'https://opensource-demo.orangehrmlive.com/web/index.php/auth/login'.</msg>
<status status="PASS" starttime="20240702 13:34:11.825" endtime="20240702 13:34:15.397"/>
</kw>
<kw name="Maximize Browser Window" library="SeleniumLibrary">
<doc>Maximizes current browser window.</doc>
<status status="PASS" starttime="20240702 13:34:15.397" endtime="20240702 13:34:15.439"/>
</kw>
<kw name="Wait Until Element Is Visible" library="SeleniumLibrary">
<arg>//input[@placeholder="Username"]</arg>
<doc>Waits until the element ``locator`` is visible.</doc>
<status status="PASS" starttime="20240702 13:34:15.439" endtime="20240702 13:34:15.832"/>
</kw>
<status status="PASS" starttime="20240702 13:34:11.825" endtime="20240702 13:34:15.832"/>
</kw>
<kw name="When the visitor fills the username with &quot;${USERNAME}&quot;" library="user_managment_keywords" sourcename="the visitor fills the username with &quot;${username}&quot;">
<kw name="Wait Until Element Is Visible" library="SeleniumLibrary">
<arg>//input[@placeholder="Username"]</arg>
<doc>Waits until the element ``locator`` is visible.</doc>
<status status="PASS" starttime="20240702 13:34:15.832" endtime="20240702 13:34:15.875"/>
</kw>
<kw name="Input Text" library="SeleniumLibrary">
<arg>//input[@placeholder="Username"]</arg>
<arg>${username}</arg>
<doc>Types the given ``text`` into the text field identified by ``locator``.</doc>
<msg timestamp="20240702 13:34:15.875" level="INFO">Typing text 'Admin' into text field '//input[@placeholder="Username"]'.</msg>
<status status="PASS" starttime="20240702 13:34:15.875" endtime="20240702 13:34:16.117"/>
</kw>
<status status="PASS" starttime="20240702 13:34:15.832" endtime="20240702 13:34:16.117"/>
</kw>
<kw name="And the visitor fills the password with &quot;${PASSWORD}&quot;" library="user_managment_keywords" sourcename="the visitor fills the password with &quot;${password}&quot;">
<kw name="Wait Until Element Is Visible" library="SeleniumLibrary">
<arg>//input[@placeholder="Password"]</arg>
<doc>Waits until the element ``locator`` is visible.</doc>
<status status="PASS" starttime="20240702 13:34:16.119" endtime="20240702 13:34:16.171"/>
</kw>
<kw name="Input Text" library="SeleniumLibrary">
<arg>//input[@placeholder="Password"]</arg>
<arg>${password}</arg>
<doc>Types the given ``text`` into the text field identified by ``locator``.</doc>
<msg timestamp="20240702 13:34:16.171" level="INFO">Typing text 'admin123' into text field '//input[@placeholder="Password"]'.</msg>
<status status="PASS" starttime="20240702 13:34:16.171" endtime="20240702 13:34:16.311"/>
</kw>
<status status="PASS" starttime="20240702 13:34:16.118" endtime="20240702 13:34:16.311"/>
</kw>
<kw name="And the visitor clicks on the login button" library="user_managment_keywords">
<kw name="Wait Until Element Is Visible" library="SeleniumLibrary">
<arg>//button[@type="submit"]</arg>
<doc>Waits until the element ``locator`` is visible.</doc>
<status status="PASS" starttime="20240702 13:34:16.311" endtime="20240702 13:34:16.341"/>
</kw>
<kw name="Click Button" library="SeleniumLibrary">
<arg>//button[@type="submit"]</arg>
<doc>Clicks the button identified by ``locator``.</doc>
<msg timestamp="20240702 13:34:16.341" level="INFO">Clicking button '//button[@type="submit"]'.</msg>
<status status="PASS" starttime="20240702 13:34:16.341" endtime="20240702 13:34:16.423"/>
</kw>
<status status="PASS" starttime="20240702 13:34:16.311" endtime="20240702 13:34:16.423"/>
</kw>
<kw name="Then the user should see the dashboard" library="user_managment_keywords">
<kw name="Wait Until Element Is Visible" library="SeleniumLibrary">
<arg>//span[text()="Dashboard"]</arg>
<doc>Waits until the element ``locator`` is visible.</doc>
<status status="PASS" starttime="20240702 13:34:16.423" endtime="20240702 13:34:17.692"/>
</kw>
<kw name="Sleep" library="BuiltIn">
<arg>3s</arg>
<doc>Pauses the test executed for the given time.</doc>
<msg timestamp="20240702 13:34:20.698" level="INFO">Slept 3 seconds</msg>
<status status="PASS" starttime="20240702 13:34:17.692" endtime="20240702 13:34:20.698"/>
</kw>
<status status="PASS" starttime="20240702 13:34:16.423" endtime="20240702 13:34:20.699"/>
</kw>
<tag>user_managment</tag>
<status status="PASS" starttime="20240702 13:34:11.825" endtime="20240702 13:34:20.699"/>
</test>
<status status="PASS" starttime="20240702 13:34:11.483" endtime="20240702 13:34:20.700"/>
</suite>
<status status="PASS" starttime="20240702 13:34:11.449" endtime="20240702 13:34:20.700"/>
</suite>
<statistics>
<total>
<stat pass="1" fail="0" skip="0">All Tests</stat>
</total>
<tag>
<stat pass="1" fail="0" skip="0">user_managment</stat>
</tag>
<suite>
<stat pass="1" fail="0" skip="0" id="s1" name="Examples">Examples</stat>
<stat pass="1" fail="0" skip="0" id="s1-s1" name="User Managment">Examples.User Managment</stat>
</suite>
</statistics>
<errors>
</errors>
</robot>
