<?xml version="1.0" encoding="UTF-8"?>
<robot generator="Robot 6.1.1 (Python 3.10.11 on win32)" generated="20240708 18:18:24.029" rpa="false" schemaversion="4">
<suite id="s1" name="Examples" source="C:\Users\PC\Desktop\robot_framework\Examples">
<suite id="s1-s1" name="Employe Managment" source="C:\Users\PC\Desktop\robot_framework\Examples\employe_managment.robot">
<test id="s1-s1-t1" name="User Management" line="10">
<kw name="Given the visitor go to &quot;${URL}&quot; on browser &quot;chrome&quot;" library="connexion_keywords" sourcename="the visitor go to &quot;${url}&quot; on browser &quot;${browser}&quot;">
<kw name="Open Browser" library="SeleniumLibrary">
<arg>${url}</arg>
<arg>${browser}</arg>
<doc>Opens a new browser instance to the optional ``url``.</doc>
<msg timestamp="20240708 18:18:24.460" level="INFO">Opening browser 'chrome' to base url 'https://opensource-demo.orangehrmlive.com/web/index.php/auth/login'.</msg>
<status status="PASS" starttime="20240708 18:18:24.459" endtime="20240708 18:18:26.888"/>
</kw>
<kw name="Maximize Browser Window" library="SeleniumLibrary">
<doc>Maximizes current browser window.</doc>
<status status="PASS" starttime="20240708 18:18:26.889" endtime="20240708 18:18:29.654"/>
</kw>
<kw name="Wait Until Element Is Visible" library="SeleniumLibrary">
<arg>//input[@placeholder="Username"]</arg>
<doc>Waits until the element ``locator`` is visible.</doc>
<status status="PASS" starttime="20240708 18:18:29.654" endtime="20240708 18:18:30.099"/>
</kw>
<status status="PASS" starttime="20240708 18:18:24.458" endtime="20240708 18:18:30.099"/>
</kw>
<kw name="When the visitor fills the username with &quot;${USERNAME}&quot;" library="connexion_keywords" sourcename="the visitor fills the username with &quot;${username}&quot;">
<kw name="Wait Until Element Is Visible" library="SeleniumLibrary">
<arg>//input[@placeholder="Username"]</arg>
<doc>Waits until the element ``locator`` is visible.</doc>
<status status="PASS" starttime="20240708 18:18:30.100" endtime="20240708 18:18:30.133"/>
</kw>
<kw name="Input Text" library="SeleniumLibrary">
<arg>//input[@placeholder="Username"]</arg>
<arg>${username}</arg>
<doc>Types the given ``text`` into the text field identified by ``locator``.</doc>
<msg timestamp="20240708 18:18:30.135" level="INFO">Typing text 'Admin' into text field '//input[@placeholder="Username"]'.</msg>
<status status="PASS" starttime="20240708 18:18:30.134" endtime="20240708 18:18:30.320"/>
</kw>
<status status="PASS" starttime="20240708 18:18:30.100" endtime="20240708 18:18:30.320"/>
</kw>
<kw name="And the visitor fills the password with &quot;${PASSWORD}&quot;" library="connexion_keywords" sourcename="the visitor fills the password with &quot;${password}&quot;">
<kw name="Wait Until Element Is Visible" library="SeleniumLibrary">
<arg>//input[@placeholder="Password"]</arg>
<doc>Waits until the element ``locator`` is visible.</doc>
<status status="PASS" starttime="20240708 18:18:30.323" endtime="20240708 18:18:30.360"/>
</kw>
<kw name="Input Text" library="SeleniumLibrary">
<arg>//input[@placeholder="Password"]</arg>
<arg>${password}</arg>
<doc>Types the given ``text`` into the text field identified by ``locator``.</doc>
<msg timestamp="20240708 18:18:30.362" level="INFO">Typing text 'admin123' into text field '//input[@placeholder="Password"]'.</msg>
<status status="PASS" starttime="20240708 18:18:30.360" endtime="20240708 18:18:30.577"/>
</kw>
<status status="PASS" starttime="20240708 18:18:30.322" endtime="20240708 18:18:30.577"/>
</kw>
<kw name="And the visitor clicks on the login button" library="connexion_keywords">
<kw name="Wait Until Element Is Visible" library="SeleniumLibrary">
<arg>//button[@type="submit"]</arg>
<doc>Waits until the element ``locator`` is visible.</doc>
<status status="PASS" starttime="20240708 18:18:30.580" endtime="20240708 18:18:30.613"/>
</kw>
<kw name="Click Button" library="SeleniumLibrary">
<arg>//button[@type="submit"]</arg>
<doc>Clicks the button identified by ``locator``.</doc>
<msg timestamp="20240708 18:18:30.614" level="INFO">Clicking button '//button[@type="submit"]'.</msg>
<status status="PASS" starttime="20240708 18:18:30.613" endtime="20240708 18:18:31.555"/>
</kw>
<status status="PASS" starttime="20240708 18:18:30.579" endtime="20240708 18:18:31.555"/>
</kw>
<kw name="Then the user should see the dashboard" library="connexion_keywords">
<kw name="Wait Until Element Is Visible" library="SeleniumLibrary">
<arg>//span[text()="Dashboard"]</arg>
<doc>Waits until the element ``locator`` is visible.</doc>
<status status="PASS" starttime="20240708 18:18:31.556" endtime="20240708 18:18:31.852"/>
</kw>
<kw name="Sleep" library="BuiltIn">
<arg>3s</arg>
<doc>Pauses the test executed for the given time.</doc>
<msg timestamp="20240708 18:18:34.861" level="INFO">Slept 3 seconds</msg>
<status status="PASS" starttime="20240708 18:18:31.853" endtime="20240708 18:18:34.861"/>
</kw>
<status status="PASS" starttime="20240708 18:18:31.556" endtime="20240708 18:18:34.861"/>
</kw>
<kw name="And the user click on PIM" library="employe_managment_keywords">
<kw name="Click Main Menu Item By Index" library="side_bar_keywords">
<arg>2</arg>
<kw name="Click Element" library="SeleniumLibrary">
<arg>xpath=(//li[@class='oxd-main-menu-item-wrapper'])[${index}]</arg>
<doc>Click the element identified by ``locator``.</doc>
<msg timestamp="20240708 18:18:34.864" level="INFO">Clicking element 'xpath=(//li[@class='oxd-main-menu-item-wrapper'])[2]'.</msg>
<status status="PASS" starttime="20240708 18:18:34.863" endtime="20240708 18:18:35.531"/>
</kw>
<status status="PASS" starttime="20240708 18:18:34.863" endtime="20240708 18:18:35.532"/>
</kw>
<status status="PASS" starttime="20240708 18:18:34.862" endtime="20240708 18:18:35.532"/>
</kw>
<kw name="Then the user should see the PIM title" library="employe_managment_keywords">
<kw name="Wait Until Element Is Visible" library="SeleniumLibrary">
<arg>//span[text()="PIM"]</arg>
<doc>Waits until the element ``locator`` is visible.</doc>
<status status="PASS" starttime="20240708 18:18:35.533" endtime="20240708 18:18:35.915"/>
</kw>
<kw name="Sleep" library="BuiltIn">
<arg>1s</arg>
<doc>Pauses the test executed for the given time.</doc>
<msg timestamp="20240708 18:18:36.926" level="INFO">Slept 1 second</msg>
<status status="PASS" starttime="20240708 18:18:35.915" endtime="20240708 18:18:36.926"/>
</kw>
<status status="PASS" starttime="20240708 18:18:35.532" endtime="20240708 18:18:36.926"/>
</kw>
<kw name="And Click Add Button" library="employe_managment_keywords">
<kw name="Click Secondary Button By Index" library="click_secondary_button_keywords">
<arg>2</arg>
<kw name="Click Element" library="SeleniumLibrary">
<arg>xpath=(//button[contains(@class, 'oxd-button--secondary')])[${index}]</arg>
<doc>Click the element identified by ``locator``.</doc>
<msg timestamp="20240708 18:18:36.927" level="INFO">Clicking element 'xpath=(//button[contains(@class, 'oxd-button--secondary')])[2]'.</msg>
<status status="PASS" starttime="20240708 18:18:36.927" endtime="20240708 18:18:37.422"/>
</kw>
<status status="PASS" starttime="20240708 18:18:36.926" endtime="20240708 18:18:37.422"/>
</kw>
<kw name="Sleep" library="BuiltIn">
<arg>1s</arg>
<doc>Pauses the test executed for the given time.</doc>
<msg timestamp="20240708 18:18:38.431" level="INFO">Slept 1 second</msg>
<status status="PASS" starttime="20240708 18:18:37.423" endtime="20240708 18:18:38.431"/>
</kw>
<status status="PASS" starttime="20240708 18:18:36.926" endtime="20240708 18:18:38.431"/>
</kw>
<kw name="Then the user should see the Add Employee" library="employe_managment_keywords">
<kw name="Wait Until Element Is Visible" library="SeleniumLibrary">
<arg>//h6[text()="Add Employee"]</arg>
<doc>Waits until the element ``locator`` is visible.</doc>
<status status="PASS" starttime="20240708 18:18:38.432" endtime="20240708 18:18:38.466"/>
</kw>
<status status="PASS" starttime="20240708 18:18:38.432" endtime="20240708 18:18:38.466"/>
</kw>
<kw name="And Click Switch" library="employe_managment_keywords">
<kw name="Click Element" library="SeleniumLibrary">
<arg>xpath=(//label)[3]</arg>
<doc>Click the element identified by ``locator``.</doc>
<msg timestamp="20240708 18:18:38.468" level="INFO">Clicking element 'xpath=(//label)[3]'.</msg>
<status status="PASS" starttime="20240708 18:18:38.468" endtime="20240708 18:18:38.554"/>
</kw>
<status status="PASS" starttime="20240708 18:18:38.467" endtime="20240708 18:18:38.554"/>
</kw>
<kw name="Then the user should see the label Username" library="employe_managment_keywords">
<kw name="Wait Until Element Is Visible" library="SeleniumLibrary">
<arg>//label[text()="Username"]</arg>
<doc>Waits until the element ``locator`` is visible.</doc>
<status status="PASS" starttime="20240708 18:18:38.557" endtime="20240708 18:18:38.590"/>
</kw>
<status status="PASS" starttime="20240708 18:18:38.556" endtime="20240708 18:18:38.590"/>
</kw>
<kw name="And the user fills first name for employee" library="employe_managment_keywords">
<kw name="Wait Until Element Is Visible" library="SeleniumLibrary">
<arg>//input[@placeholder="First Name"]</arg>
<doc>Waits until the element ``locator`` is visible.</doc>
<status status="PASS" starttime="20240708 18:18:38.591" endtime="20240708 18:18:38.629"/>
</kw>
<kw name="Input Text" library="SeleniumLibrary">
<arg>//input[@placeholder="First Name"]</arg>
<arg>${firstNameEmploye}</arg>
<doc>Types the given ``text`` into the text field identified by ``locator``.</doc>
<msg timestamp="20240708 18:18:38.630" level="INFO">Typing text 'Yaël' into text field '//input[@placeholder="First Name"]'.</msg>
<status status="PASS" starttime="20240708 18:18:38.629" endtime="20240708 18:18:38.770"/>
</kw>
<status status="PASS" starttime="20240708 18:18:38.591" endtime="20240708 18:18:38.770"/>
</kw>
<kw name="And the user fills middle name for employee" library="employe_managment_keywords">
<kw name="Wait Until Element Is Visible" library="SeleniumLibrary">
<arg>//input[@placeholder="Middle Name"]</arg>
<doc>Waits until the element ``locator`` is visible.</doc>
<status status="PASS" starttime="20240708 18:18:38.772" endtime="20240708 18:18:38.806"/>
</kw>
<kw name="Input Text" library="SeleniumLibrary">
<arg>//input[@placeholder="Middle Name"]</arg>
<arg>${middleNameEmploye}</arg>
<doc>Types the given ``text`` into the text field identified by ``locator``.</doc>
<msg timestamp="20240708 18:18:38.807" level="INFO">Typing text 'Junior' into text field '//input[@placeholder="Middle Name"]'.</msg>
<status status="PASS" starttime="20240708 18:18:38.806" endtime="20240708 18:18:38.952"/>
</kw>
<status status="PASS" starttime="20240708 18:18:38.771" endtime="20240708 18:18:38.952"/>
</kw>
<kw name="And the user fills last name for employee" library="employe_managment_keywords">
<kw name="Wait Until Element Is Visible" library="SeleniumLibrary">
<arg>//input[@placeholder="Last Name"]</arg>
<doc>Waits until the element ``locator`` is visible.</doc>
<status status="PASS" starttime="20240708 18:18:38.953" endtime="20240708 18:18:38.981"/>
</kw>
<kw name="Input Text" library="SeleniumLibrary">
<arg>//input[@placeholder="Last Name"]</arg>
<arg>${lastNameEmploye}</arg>
<doc>Types the given ``text`` into the text field identified by ``locator``.</doc>
<msg timestamp="20240708 18:18:38.982" level="INFO">Typing text 'Busser' into text field '//input[@placeholder="Last Name"]'.</msg>
<status status="PASS" starttime="20240708 18:18:38.981" endtime="20240708 18:18:39.117"/>
</kw>
<status status="PASS" starttime="20240708 18:18:38.953" endtime="20240708 18:18:39.117"/>
</kw>
<kw name="And the user fills username for employee" library="employe_managment_keywords">
<kw name="Wait Until Element Is Visible" library="SeleniumLibrary">
<arg>(//input)[8]</arg>
<doc>Waits until the element ``locator`` is visible.</doc>
<status status="PASS" starttime="20240708 18:18:39.118" endtime="20240708 18:18:39.147"/>
</kw>
<kw name="Input Text" library="SeleniumLibrary">
<arg>(//input)[8]</arg>
<arg>${usernameEmploye}</arg>
<doc>Types the given ``text`` into the text field identified by ``locator``.</doc>
<msg timestamp="20240708 18:18:39.148" level="INFO">Typing text 'yaelbusser' into text field '(//input)[8]'.</msg>
<status status="PASS" starttime="20240708 18:18:39.147" endtime="20240708 18:18:39.300"/>
</kw>
<status status="PASS" starttime="20240708 18:18:39.118" endtime="20240708 18:18:39.300"/>
</kw>
<kw name="And the user fills the password for employee" library="employe_managment_keywords">
<kw name="Wait Until Element Is Visible" library="SeleniumLibrary">
<arg>(//input)[11]</arg>
<doc>Waits until the element ``locator`` is visible.</doc>
<status status="PASS" starttime="20240708 18:18:39.301" endtime="20240708 18:18:39.329"/>
</kw>
<kw name="Input Text" library="SeleniumLibrary">
<arg>(//input)[11]</arg>
<arg>${passwordEmploye}</arg>
<doc>Types the given ``text`` into the text field identified by ``locator``.</doc>
<msg timestamp="20240708 18:18:39.330" level="INFO">Typing text 'Employe123' into text field '(//input)[11]'.</msg>
<status status="PASS" starttime="20240708 18:18:39.329" endtime="20240708 18:18:39.466"/>
</kw>
<status status="PASS" starttime="20240708 18:18:39.301" endtime="20240708 18:18:39.466"/>
</kw>
<kw name="And the user fills the confirm password for employee" library="employe_managment_keywords">
<kw name="Wait Until Element Is Visible" library="SeleniumLibrary">
<arg>(//input)[12]</arg>
<doc>Waits until the element ``locator`` is visible.</doc>
<status status="PASS" starttime="20240708 18:18:39.467" endtime="20240708 18:18:39.495"/>
</kw>
<kw name="Input Text" library="SeleniumLibrary">
<arg>(//input)[12]</arg>
<arg>${passwordEmploye}</arg>
<doc>Types the given ``text`` into the text field identified by ``locator``.</doc>
<msg timestamp="20240708 18:18:39.496" level="INFO">Typing text 'Employe123' into text field '(//input)[12]'.</msg>
<status status="PASS" starttime="20240708 18:18:39.495" endtime="20240708 18:18:39.670"/>
</kw>
<kw name="Sleep" library="BuiltIn">
<arg>3s</arg>
<doc>Pauses the test executed for the given time.</doc>
<msg timestamp="20240708 18:18:42.684" level="INFO">Slept 3 seconds</msg>
<status status="PASS" starttime="20240708 18:18:39.671" endtime="20240708 18:18:42.684"/>
</kw>
<status status="PASS" starttime="20240708 18:18:39.467" endtime="20240708 18:18:42.685"/>
</kw>
<kw name="Then the user click on save button" library="employe_managment_keywords">
<kw name="Click Secondary Button By Index" library="click_secondary_button_keywords">
<arg>1</arg>
<kw name="Click Element" library="SeleniumLibrary">
<arg>xpath=(//button[contains(@class, 'oxd-button--secondary')])[${index}]</arg>
<doc>Click the element identified by ``locator``.</doc>
<msg timestamp="20240708 18:18:42.688" level="INFO">Clicking element 'xpath=(//button[contains(@class, 'oxd-button--secondary')])[1]'.</msg>
<status status="PASS" starttime="20240708 18:18:42.687" endtime="20240708 18:18:42.803"/>
</kw>
<status status="PASS" starttime="20240708 18:18:42.686" endtime="20240708 18:18:42.803"/>
</kw>
<kw name="Sleep" library="BuiltIn">
<arg>3s</arg>
<doc>Pauses the test executed for the given time.</doc>
<msg timestamp="20240708 18:18:45.815" level="INFO">Slept 3 seconds</msg>
<status status="PASS" starttime="20240708 18:18:42.804" endtime="20240708 18:18:45.815"/>
</kw>
<status status="PASS" starttime="20240708 18:18:42.686" endtime="20240708 18:18:45.815"/>
</kw>
<kw name="And the user click on PIM" library="employe_managment_keywords">
<kw name="Click Main Menu Item By Index" library="side_bar_keywords">
<arg>2</arg>
<kw name="Click Element" library="SeleniumLibrary">
<arg>xpath=(//li[@class='oxd-main-menu-item-wrapper'])[${index}]</arg>
<doc>Click the element identified by ``locator``.</doc>
<msg timestamp="20240708 18:18:45.817" level="INFO">Clicking element 'xpath=(//li[@class='oxd-main-menu-item-wrapper'])[2]'.</msg>
<status status="PASS" starttime="20240708 18:18:45.817" endtime="20240708 18:18:46.701"/>
</kw>
<status status="PASS" starttime="20240708 18:18:45.816" endtime="20240708 18:18:46.701"/>
</kw>
<status status="PASS" starttime="20240708 18:18:45.816" endtime="20240708 18:18:46.702"/>
</kw>
<kw name="Then the user should see the PIM title" library="employe_managment_keywords">
<kw name="Wait Until Element Is Visible" library="SeleniumLibrary">
<arg>//span[text()="PIM"]</arg>
<doc>Waits until the element ``locator`` is visible.</doc>
<status status="PASS" starttime="20240708 18:18:46.704" endtime="20240708 18:18:47.097"/>
</kw>
<kw name="Sleep" library="BuiltIn">
<arg>1s</arg>
<doc>Pauses the test executed for the given time.</doc>
<msg timestamp="20240708 18:18:48.110" level="INFO">Slept 1 second</msg>
<status status="PASS" starttime="20240708 18:18:47.097" endtime="20240708 18:18:48.110"/>
</kw>
<status status="PASS" starttime="20240708 18:18:46.703" endtime="20240708 18:18:48.110"/>
</kw>
<kw name="And the user enters employee name" library="employe_managment_keywords">
<kw name="Wait Until Element Is Visible" library="SeleniumLibrary">
<arg>(//input)[2]</arg>
<doc>Waits until the element ``locator`` is visible.</doc>
<status status="PASS" starttime="20240708 18:18:48.112" endtime="20240708 18:18:48.150"/>
</kw>
<kw name="Input Text" library="SeleniumLibrary">
<arg>(//input)[2]</arg>
<arg>${firstNameEmploye} ${middleNameEmploye} ${lastNameEmploye}</arg>
<doc>Types the given ``text`` into the text field identified by ``locator``.</doc>
<msg timestamp="20240708 18:18:48.151" level="INFO">Typing text 'Yaël Junior Busser' into text field '(//input)[2]'.</msg>
<status status="PASS" starttime="20240708 18:18:48.150" endtime="20240708 18:18:48.352"/>
</kw>
<kw name="Sleep" library="BuiltIn">
<arg>3s</arg>
<doc>Pauses the test executed for the given time.</doc>
<msg timestamp="20240708 18:18:51.364" level="INFO">Slept 3 seconds</msg>
<status status="PASS" starttime="20240708 18:18:48.352" endtime="20240708 18:18:51.364"/>
</kw>
<status status="PASS" starttime="20240708 18:18:48.111" endtime="20240708 18:18:51.364"/>
</kw>
<kw name="And the user click on search button" library="employe_managment_keywords">
<kw name="Click Secondary Button By Index" library="click_secondary_button_keywords">
<arg>1</arg>
<kw name="Click Element" library="SeleniumLibrary">
<arg>xpath=(//button[contains(@class, 'oxd-button--secondary')])[${index}]</arg>
<doc>Click the element identified by ``locator``.</doc>
<msg timestamp="20240708 18:18:51.366" level="INFO">Clicking element 'xpath=(//button[contains(@class, 'oxd-button--secondary')])[1]'.</msg>
<status status="PASS" starttime="20240708 18:18:51.366" endtime="20240708 18:18:51.466"/>
</kw>
<status status="PASS" starttime="20240708 18:18:51.365" endtime="20240708 18:18:51.467"/>
</kw>
<kw name="Sleep" library="BuiltIn">
<arg>3s</arg>
<doc>Pauses the test executed for the given time.</doc>
<msg timestamp="20240708 18:18:54.470" level="INFO">Slept 3 seconds</msg>
<status status="PASS" starttime="20240708 18:18:51.467" endtime="20240708 18:18:54.470"/>
</kw>
<status status="PASS" starttime="20240708 18:18:51.365" endtime="20240708 18:18:54.470"/>
</kw>
<kw name="And the user click on edit button" library="employe_managment_keywords">
<kw name="Wait Until Element Is Visible" library="SeleniumLibrary">
<arg>(//button)[8]</arg>
<doc>Waits until the element ``locator`` is visible.</doc>
<status status="PASS" starttime="20240708 18:18:54.471" endtime="20240708 18:18:54.506"/>
</kw>
<kw name="Click Element" library="SeleniumLibrary">
<arg>xpath=(//button)[8]</arg>
<doc>Click the element identified by ``locator``.</doc>
<msg timestamp="20240708 18:18:54.508" level="INFO">Clicking element 'xpath=(//button)[8]'.</msg>
<status status="PASS" starttime="20240708 18:18:54.507" endtime="20240708 18:18:55.378"/>
</kw>
<kw name="Sleep" library="BuiltIn">
<arg>3s</arg>
<doc>Pauses the test executed for the given time.</doc>
<msg timestamp="20240708 18:18:58.379" level="INFO">Slept 3 seconds</msg>
<status status="PASS" starttime="20240708 18:18:55.378" endtime="20240708 18:18:58.379"/>
</kw>
<status status="PASS" starttime="20240708 18:18:54.471" endtime="20240708 18:18:58.379"/>
</kw>
<kw name="Then the user edit nickname for employee" library="employe_managment_keywords">
<kw name="Wait Until Element Is Visible" library="SeleniumLibrary">
<arg>(//input)[5]</arg>
<doc>Waits until the element ``locator`` is visible.</doc>
<status status="PASS" starttime="20240708 18:18:58.379" endtime="20240708 18:18:58.414"/>
</kw>
<kw name="Input Text" library="SeleniumLibrary">
<arg>(//input)[5]</arg>
<arg>${nicknameEmploye}</arg>
<doc>Types the given ``text`` into the text field identified by ``locator``.</doc>
<msg timestamp="20240708 18:18:58.415" level="INFO">Typing text 'YB' into text field '(//input)[5]'.</msg>
<status status="PASS" starttime="20240708 18:18:58.414" endtime="20240708 18:18:58.556"/>
</kw>
<status status="PASS" starttime="20240708 18:18:58.379" endtime="20240708 18:18:58.556"/>
</kw>
<kw name="And the user click on save button for edit nickname" library="employe_managment_keywords">
<kw name="Click Secondary Button By Index" library="click_secondary_button_keywords">
<arg>1</arg>
<kw name="Click Element" library="SeleniumLibrary">
<arg>xpath=(//button[contains(@class, 'oxd-button--secondary')])[${index}]</arg>
<doc>Click the element identified by ``locator``.</doc>
<msg timestamp="20240708 18:18:58.560" level="INFO">Clicking element 'xpath=(//button[contains(@class, 'oxd-button--secondary')])[1]'.</msg>
<status status="PASS" starttime="20240708 18:18:58.559" endtime="20240708 18:18:58.652"/>
</kw>
<status status="PASS" starttime="20240708 18:18:58.558" endtime="20240708 18:18:58.653"/>
</kw>
<kw name="Sleep" library="BuiltIn">
<arg>3s</arg>
<doc>Pauses the test executed for the given time.</doc>
<msg timestamp="20240708 18:19:01.658" level="INFO">Slept 3 seconds</msg>
<status status="PASS" starttime="20240708 18:18:58.653" endtime="20240708 18:19:01.658"/>
</kw>
<status status="PASS" starttime="20240708 18:18:58.557" endtime="20240708 18:19:01.658"/>
</kw>
<kw name="And the user click on PIM" library="employe_managment_keywords">
<kw name="Click Main Menu Item By Index" library="side_bar_keywords">
<arg>2</arg>
<kw name="Click Element" library="SeleniumLibrary">
<arg>xpath=(//li[@class='oxd-main-menu-item-wrapper'])[${index}]</arg>
<doc>Click the element identified by ``locator``.</doc>
<msg timestamp="20240708 18:19:01.661" level="INFO">Clicking element 'xpath=(//li[@class='oxd-main-menu-item-wrapper'])[2]'.</msg>
<status status="PASS" starttime="20240708 18:19:01.660" endtime="20240708 18:19:02.255"/>
</kw>
<status status="PASS" starttime="20240708 18:19:01.660" endtime="20240708 18:19:02.257"/>
</kw>
<status status="PASS" starttime="20240708 18:19:01.660" endtime="20240708 18:19:02.258"/>
</kw>
<kw name="Then the user should see the PIM title" library="employe_managment_keywords">
<kw name="Wait Until Element Is Visible" library="SeleniumLibrary">
<arg>//span[text()="PIM"]</arg>
<doc>Waits until the element ``locator`` is visible.</doc>
<status status="PASS" starttime="20240708 18:19:02.260" endtime="20240708 18:19:02.529"/>
</kw>
<kw name="Sleep" library="BuiltIn">
<arg>1s</arg>
<doc>Pauses the test executed for the given time.</doc>
<msg timestamp="20240708 18:19:03.529" level="INFO">Slept 1 second</msg>
<status status="PASS" starttime="20240708 18:19:02.529" endtime="20240708 18:19:03.529"/>
</kw>
<status status="PASS" starttime="20240708 18:19:02.260" endtime="20240708 18:19:03.529"/>
</kw>
<kw name="And the user enters employee name" library="employe_managment_keywords">
<kw name="Wait Until Element Is Visible" library="SeleniumLibrary">
<arg>(//input)[2]</arg>
<doc>Waits until the element ``locator`` is visible.</doc>
<status status="PASS" starttime="20240708 18:19:03.530" endtime="20240708 18:19:03.562"/>
</kw>
<kw name="Input Text" library="SeleniumLibrary">
<arg>(//input)[2]</arg>
<arg>${firstNameEmploye} ${middleNameEmploye} ${lastNameEmploye}</arg>
<doc>Types the given ``text`` into the text field identified by ``locator``.</doc>
<msg timestamp="20240708 18:19:03.563" level="INFO">Typing text 'Yaël Junior Busser' into text field '(//input)[2]'.</msg>
<status status="PASS" starttime="20240708 18:19:03.562" endtime="20240708 18:19:03.763"/>
</kw>
<kw name="Sleep" library="BuiltIn">
<arg>3s</arg>
<doc>Pauses the test executed for the given time.</doc>
<msg timestamp="20240708 18:19:06.767" level="INFO">Slept 3 seconds</msg>
<status status="PASS" starttime="20240708 18:19:03.763" endtime="20240708 18:19:06.767"/>
</kw>
<status status="PASS" starttime="20240708 18:19:03.530" endtime="20240708 18:19:06.767"/>
</kw>
<kw name="And the user click on search button" library="employe_managment_keywords">
<kw name="Click Secondary Button By Index" library="click_secondary_button_keywords">
<arg>1</arg>
<kw name="Click Element" library="SeleniumLibrary">
<arg>xpath=(//button[contains(@class, 'oxd-button--secondary')])[${index}]</arg>
<doc>Click the element identified by ``locator``.</doc>
<msg timestamp="20240708 18:19:06.769" level="INFO">Clicking element 'xpath=(//button[contains(@class, 'oxd-button--secondary')])[1]'.</msg>
<status status="PASS" starttime="20240708 18:19:06.768" endtime="20240708 18:19:06.852"/>
</kw>
<status status="PASS" starttime="20240708 18:19:06.768" endtime="20240708 18:19:06.852"/>
</kw>
<kw name="Sleep" library="BuiltIn">
<arg>3s</arg>
<doc>Pauses the test executed for the given time.</doc>
<msg timestamp="20240708 18:19:09.862" level="INFO">Slept 3 seconds</msg>
<status status="PASS" starttime="20240708 18:19:06.852" endtime="20240708 18:19:09.862"/>
</kw>
<status status="PASS" starttime="20240708 18:19:06.768" endtime="20240708 18:19:09.862"/>
</kw>
<kw name="And the user click on delete button" library="employe_managment_keywords">
<kw name="Click Element" library="SeleniumLibrary">
<arg>xpath=(//button)[7]</arg>
<doc>Click the element identified by ``locator``.</doc>
<msg timestamp="20240708 18:19:09.864" level="INFO">Clicking element 'xpath=(//button)[7]'.</msg>
<status status="PASS" starttime="20240708 18:19:09.863" endtime="20240708 18:19:09.948"/>
</kw>
<kw name="Sleep" library="BuiltIn">
<arg>3s</arg>
<doc>Pauses the test executed for the given time.</doc>
<msg timestamp="20240708 18:19:12.958" level="INFO">Slept 3 seconds</msg>
<status status="PASS" starttime="20240708 18:19:09.948" endtime="20240708 18:19:12.958"/>
</kw>
<status status="PASS" starttime="20240708 18:19:09.863" endtime="20240708 18:19:12.958"/>
</kw>
<kw name="Then the user confirm delete user employe" library="employe_managment_keywords">
<kw name="Wait Until Element Is Visible" library="SeleniumLibrary">
<arg>xpath=//button[contains(@class, 'oxd-button--label-danger') and contains(., 'Yes, Delete')]</arg>
<doc>Waits until the element ``locator`` is visible.</doc>
<status status="PASS" starttime="20240708 18:19:12.959" endtime="20240708 18:19:12.993"/>
</kw>
<kw name="Click Button" library="SeleniumLibrary">
<arg>xpath=//button[contains(@class, 'oxd-button--label-danger') and contains(., 'Yes, Delete')]</arg>
<doc>Clicks the button identified by ``locator``.</doc>
<msg timestamp="20240708 18:19:12.994" level="INFO">Clicking button 'xpath=//button[contains(@class, 'oxd-button--label-danger') and contains(., 'Yes, Delete')]'.</msg>
<status status="PASS" starttime="20240708 18:19:12.993" endtime="20240708 18:19:13.102"/>
</kw>
<kw name="Sleep" library="BuiltIn">
<arg>10s</arg>
<doc>Pauses the test executed for the given time.</doc>
<msg timestamp="20240708 18:19:23.112" level="INFO">Slept 10 seconds</msg>
<status status="PASS" starttime="20240708 18:19:13.103" endtime="20240708 18:19:23.112"/>
</kw>
<status status="PASS" starttime="20240708 18:19:12.959" endtime="20240708 18:19:23.112"/>
</kw>
<kw name="And the user logout" library="employe_managment_keywords">
<kw name="Click Logout" library="logout_user_keywords">
<kw name="Wait Until Element Is Visible" library="SeleniumLibrary">
<arg>xpath=//li[contains(@class, 'oxd-userdropdown')]//span[@class='oxd-userdropdown-tab']</arg>
<doc>Waits until the element ``locator`` is visible.</doc>
<status status="PASS" starttime="20240708 18:19:23.113" endtime="20240708 18:19:23.152"/>
</kw>
<kw name="Click Element" library="SeleniumLibrary">
<arg>xpath=//li[contains(@class, 'oxd-userdropdown')]//span[@class='oxd-userdropdown-tab']</arg>
<doc>Click the element identified by ``locator``.</doc>
<msg timestamp="20240708 18:19:23.153" level="INFO">Clicking element 'xpath=//li[contains(@class, 'oxd-userdropdown')]//span[@class='oxd-userdropdown-tab']'.</msg>
<status status="PASS" starttime="20240708 18:19:23.152" endtime="20240708 18:19:23.229"/>
</kw>
<kw name="Wait Until Element Is Visible" library="SeleniumLibrary">
<arg>xpath=//a[@class='oxd-userdropdown-link' and contains(text(), 'Logout')]</arg>
<doc>Waits until the element ``locator`` is visible.</doc>
<status status="PASS" starttime="20240708 18:19:23.229" endtime="20240708 18:19:23.265"/>
</kw>
<kw name="Click Element" library="SeleniumLibrary">
<arg>xpath=//a[@class='oxd-userdropdown-link' and contains(text(), 'Logout')]</arg>
<doc>Click the element identified by ``locator``.</doc>
<msg timestamp="20240708 18:19:23.266" level="INFO">Clicking element 'xpath=//a[@class='oxd-userdropdown-link' and contains(text(), 'Logout')]'.</msg>
<status status="PASS" starttime="20240708 18:19:23.265" endtime="20240708 18:19:24.122"/>
</kw>
<kw name="Wait Until Element Is Visible" library="SeleniumLibrary">
<arg>xpath=(//h5[contains(@class, 'orangehrm-login-title')])[1]</arg>
<doc>Waits until the element ``locator`` is visible.</doc>
<status status="PASS" starttime="20240708 18:19:24.122" endtime="20240708 18:19:24.400"/>
</kw>
<kw name="Sleep" library="BuiltIn">
<arg>3s</arg>
<doc>Pauses the test executed for the given time.</doc>
<msg timestamp="20240708 18:19:27.415" level="INFO">Slept 3 seconds</msg>
<status status="PASS" starttime="20240708 18:19:24.401" endtime="20240708 18:19:27.415"/>
</kw>
<status status="PASS" starttime="20240708 18:19:23.113" endtime="20240708 18:19:27.415"/>
</kw>
<status status="PASS" starttime="20240708 18:19:23.113" endtime="20240708 18:19:27.415"/>
</kw>
<tag>employe_managment</tag>
<status status="PASS" starttime="20240708 18:18:24.457" endtime="20240708 18:19:27.416"/>
</test>
<status status="PASS" starttime="20240708 18:18:24.069" endtime="20240708 18:19:27.418"/>
</suite>
<status status="PASS" starttime="20240708 18:18:24.032" endtime="20240708 18:19:27.422"/>
</suite>
<statistics>
<total>
<stat pass="1" fail="0" skip="0">All Tests</stat>
</total>
<tag>
<stat pass="1" fail="0" skip="0">employe_managment</stat>
</tag>
<suite>
<stat pass="1" fail="0" skip="0" id="s1" name="Examples">Examples</stat>
<stat pass="1" fail="0" skip="0" id="s1-s1" name="Employe Managment">Examples.Employe Managment</stat>
</suite>
</statistics>
<errors>
</errors>
</robot>
