<?xml version="1.0" encoding="UTF-8"?>
<robot generator="Robot 6.1.1 (Python 3.10.11 on win32)" generated="20240702 13:48:27.097" rpa="false" schemaversion="4">
<suite id="s1" name="Examples" source="C:\Users\PC\Desktop\robot_framework\Examples">
<suite id="s1-s1" name="Employe Managment" source="C:\Users\PC\Desktop\robot_framework\Examples\employe_managment.robot">
<test id="s1-s1-t1" name="User Management" line="8">
<kw name="Given the visitor go to &quot;${URL}&quot; on browser &quot;chrome&quot;" library="employe_managment_keywords" sourcename="the visitor go to &quot;${url}&quot; on browser &quot;${browser}&quot;">
<kw name="Open Browser" library="SeleniumLibrary">
<arg>${url}</arg>
<arg>${browser}</arg>
<doc>Opens a new browser instance to the optional ``url``.</doc>
<msg timestamp="20240702 13:48:27.475" level="INFO">Opening browser 'chrome' to base url 'https://opensource-demo.orangehrmlive.com/web/index.php/auth/login'.</msg>
<status status="PASS" starttime="20240702 13:48:27.475" endtime="20240702 13:48:30.105"/>
</kw>
<kw name="Maximize Browser Window" library="SeleniumLibrary">
<doc>Maximizes current browser window.</doc>
<status status="PASS" starttime="20240702 13:48:30.106" endtime="20240702 13:48:30.142"/>
</kw>
<kw name="Wait Until Element Is Visible" library="SeleniumLibrary">
<arg>//input[@placeholder="Username"]</arg>
<doc>Waits until the element ``locator`` is visible.</doc>
<status status="PASS" starttime="20240702 13:48:30.142" endtime="20240702 13:48:30.483"/>
</kw>
<status status="PASS" starttime="20240702 13:48:27.474" endtime="20240702 13:48:30.483"/>
</kw>
<kw name="When the visitor fills the username with &quot;${USERNAME}&quot;" library="employe_managment_keywords" sourcename="the visitor fills the username with &quot;${username}&quot;">
<kw name="Wait Until Element Is Visible" library="SeleniumLibrary">
<arg>//input[@placeholder="Username"]</arg>
<doc>Waits until the element ``locator`` is visible.</doc>
<status status="PASS" starttime="20240702 13:48:30.486" endtime="20240702 13:48:30.518"/>
</kw>
<kw name="Input Text" library="SeleniumLibrary">
<arg>//input[@placeholder="Username"]</arg>
<arg>${username}</arg>
<doc>Types the given ``text`` into the text field identified by ``locator``.</doc>
<msg timestamp="20240702 13:48:30.520" level="INFO">Typing text 'Admin' into text field '//input[@placeholder="Username"]'.</msg>
<status status="PASS" starttime="20240702 13:48:30.518" endtime="20240702 13:48:30.646"/>
</kw>
<status status="PASS" starttime="20240702 13:48:30.484" endtime="20240702 13:48:30.646"/>
</kw>
<kw name="And the visitor fills the password with &quot;${PASSWORD}&quot;" library="employe_managment_keywords" sourcename="the visitor fills the password with &quot;${password}&quot;">
<kw name="Wait Until Element Is Visible" library="SeleniumLibrary">
<arg>//input[@placeholder="Password"]</arg>
<doc>Waits until the element ``locator`` is visible.</doc>
<status status="PASS" starttime="20240702 13:48:30.647" endtime="20240702 13:48:30.681"/>
</kw>
<kw name="Input Text" library="SeleniumLibrary">
<arg>//input[@placeholder="Password"]</arg>
<arg>${password}</arg>
<doc>Types the given ``text`` into the text field identified by ``locator``.</doc>
<msg timestamp="20240702 13:48:30.682" level="INFO">Typing text 'admin123' into text field '//input[@placeholder="Password"]'.</msg>
<status status="PASS" starttime="20240702 13:48:30.681" endtime="20240702 13:48:30.875"/>
</kw>
<status status="PASS" starttime="20240702 13:48:30.647" endtime="20240702 13:48:30.875"/>
</kw>
<kw name="And the visitor clicks on the login button" library="employe_managment_keywords">
<kw name="Wait Until Element Is Visible" library="SeleniumLibrary">
<arg>//button[@type="submit"]</arg>
<doc>Waits until the element ``locator`` is visible.</doc>
<status status="PASS" starttime="20240702 13:48:30.878" endtime="20240702 13:48:30.915"/>
</kw>
<kw name="Click Button" library="SeleniumLibrary">
<arg>//button[@type="submit"]</arg>
<doc>Clicks the button identified by ``locator``.</doc>
<msg timestamp="20240702 13:48:30.916" level="INFO">Clicking button '//button[@type="submit"]'.</msg>
<status status="PASS" starttime="20240702 13:48:30.915" endtime="20240702 13:48:31.925"/>
</kw>
<status status="PASS" starttime="20240702 13:48:30.876" endtime="20240702 13:48:31.925"/>
</kw>
<kw name="Then the user should see the dashboard" library="employe_managment_keywords">
<kw name="Wait Until Element Is Visible" library="SeleniumLibrary">
<arg>//span[text()="Dashboard"]</arg>
<doc>Waits until the element ``locator`` is visible.</doc>
<status status="PASS" starttime="20240702 13:48:31.926" endtime="20240702 13:48:32.221"/>
</kw>
<kw name="Sleep" library="BuiltIn">
<arg>3s</arg>
<doc>Pauses the test executed for the given time.</doc>
<msg timestamp="20240702 13:48:35.223" level="INFO">Slept 3 seconds</msg>
<status status="PASS" starttime="20240702 13:48:32.221" endtime="20240702 13:48:35.223"/>
</kw>
<status status="PASS" starttime="20240702 13:48:31.925" endtime="20240702 13:48:35.223"/>
</kw>
<tag>employe_managment</tag>
<status status="PASS" starttime="20240702 13:48:27.473" endtime="20240702 13:48:35.224"/>
</test>
<status status="PASS" starttime="20240702 13:48:27.132" endtime="20240702 13:48:35.226"/>
</suite>
<status status="PASS" starttime="20240702 13:48:27.100" endtime="20240702 13:48:35.228"/>
</suite>
<statistics>
<total>
<stat pass="1" fail="0" skip="0">All Tests</stat>
</total>
<tag>
<stat pass="1" fail="0" skip="0">employe_managment</stat>
</tag>
<suite>
<stat pass="1" fail="0" skip="0" id="s1" name="Examples">Examples</stat>
<stat pass="1" fail="0" skip="0" id="s1-s1" name="Employe Managment">Examples.Employe Managment</stat>
</suite>
</statistics>
<errors>
</errors>
</robot>
