<?xml version="1.0" encoding="UTF-8"?>
<robot generator="Robot 6.1.1 (Python 3.10.11 on win32)" generated="20240702 15:15:21.378" rpa="false" schemaversion="4">
<suite id="s1" name="Examples" source="C:\Users\PC\Desktop\robot_framework\Examples">
<suite id="s1-s1" name="Employe Managment" source="C:\Users\PC\Desktop\robot_framework\Examples\employe_managment.robot">
<test id="s1-s1-t1" name="User Management" line="10">
<kw name="Given the visitor go to &quot;${URL}&quot; on browser &quot;chrome&quot;" library="connexion_keywords" sourcename="the visitor go to &quot;${url}&quot; on browser &quot;${browser}&quot;">
<kw name="Open Browser" library="SeleniumLibrary">
<arg>${url}</arg>
<arg>${browser}</arg>
<doc>Opens a new browser instance to the optional ``url``.</doc>
<msg timestamp="20240702 15:15:21.737" level="INFO">Opening browser 'chrome' to base url 'https://opensource-demo.orangehrmlive.com/web/index.php/auth/login'.</msg>
<status status="PASS" starttime="20240702 15:15:21.737" endtime="20240702 15:15:24.495"/>
</kw>
<kw name="Maximize Browser Window" library="SeleniumLibrary">
<doc>Maximizes current browser window.</doc>
<status status="PASS" starttime="20240702 15:15:24.496" endtime="20240702 15:15:24.528"/>
</kw>
<kw name="Wait Until Element Is Visible" library="SeleniumLibrary">
<arg>//input[@placeholder="Username"]</arg>
<doc>Waits until the element ``locator`` is visible.</doc>
<status status="PASS" starttime="20240702 15:15:24.528" endtime="20240702 15:15:24.900"/>
</kw>
<status status="PASS" starttime="20240702 15:15:21.737" endtime="20240702 15:15:24.900"/>
</kw>
<kw name="When the visitor fills the username with &quot;${USERNAME}&quot;" library="connexion_keywords" sourcename="the visitor fills the username with &quot;${username}&quot;">
<kw name="Wait Until Element Is Visible" library="SeleniumLibrary">
<arg>//input[@placeholder="Username"]</arg>
<doc>Waits until the element ``locator`` is visible.</doc>
<status status="PASS" starttime="20240702 15:15:24.900" endtime="20240702 15:15:24.947"/>
</kw>
<kw name="Input Text" library="SeleniumLibrary">
<arg>//input[@placeholder="Username"]</arg>
<arg>${username}</arg>
<doc>Types the given ``text`` into the text field identified by ``locator``.</doc>
<msg timestamp="20240702 15:15:24.947" level="INFO">Typing text 'Admin' into text field '//input[@placeholder="Username"]'.</msg>
<status status="PASS" starttime="20240702 15:15:24.947" endtime="20240702 15:15:25.072"/>
</kw>
<status status="PASS" starttime="20240702 15:15:24.900" endtime="20240702 15:15:25.072"/>
</kw>
<kw name="And the visitor fills the password with &quot;${PASSWORD}&quot;" library="connexion_keywords" sourcename="the visitor fills the password with &quot;${password}&quot;">
<kw name="Wait Until Element Is Visible" library="SeleniumLibrary">
<arg>//input[@placeholder="Password"]</arg>
<doc>Waits until the element ``locator`` is visible.</doc>
<status status="PASS" starttime="20240702 15:15:25.072" endtime="20240702 15:15:25.108"/>
</kw>
<kw name="Input Text" library="SeleniumLibrary">
<arg>//input[@placeholder="Password"]</arg>
<arg>${password}</arg>
<doc>Types the given ``text`` into the text field identified by ``locator``.</doc>
<msg timestamp="20240702 15:15:25.108" level="INFO">Typing text 'admin123' into text field '//input[@placeholder="Password"]'.</msg>
<status status="PASS" starttime="20240702 15:15:25.108" endtime="20240702 15:15:25.240"/>
</kw>
<status status="PASS" starttime="20240702 15:15:25.072" endtime="20240702 15:15:25.240"/>
</kw>
<kw name="And the visitor clicks on the login button" library="connexion_keywords">
<kw name="Wait Until Element Is Visible" library="SeleniumLibrary">
<arg>//button[@type="submit"]</arg>
<doc>Waits until the element ``locator`` is visible.</doc>
<status status="PASS" starttime="20240702 15:15:25.240" endtime="20240702 15:15:25.274"/>
</kw>
<kw name="Click Button" library="SeleniumLibrary">
<arg>//button[@type="submit"]</arg>
<doc>Clicks the button identified by ``locator``.</doc>
<msg timestamp="20240702 15:15:25.275" level="INFO">Clicking button '//button[@type="submit"]'.</msg>
<status status="PASS" starttime="20240702 15:15:25.274" endtime="20240702 15:15:26.321"/>
</kw>
<status status="PASS" starttime="20240702 15:15:25.240" endtime="20240702 15:15:26.322"/>
</kw>
<kw name="Then the user should see the dashboard" library="connexion_keywords">
<kw name="Wait Until Element Is Visible" library="SeleniumLibrary">
<arg>//span[text()="Dashboard"]</arg>
<doc>Waits until the element ``locator`` is visible.</doc>
<status status="PASS" starttime="20240702 15:15:26.324" endtime="20240702 15:15:26.635"/>
</kw>
<kw name="Sleep" library="BuiltIn">
<arg>3s</arg>
<doc>Pauses the test executed for the given time.</doc>
<msg timestamp="20240702 15:15:29.649" level="INFO">Slept 3 seconds</msg>
<status status="PASS" starttime="20240702 15:15:26.635" endtime="20240702 15:15:29.649"/>
</kw>
<status status="PASS" starttime="20240702 15:15:26.324" endtime="20240702 15:15:29.649"/>
</kw>
<kw name="And the user click on PIM" library="employe_managment_keywords">
<kw name="Click Main Menu Item By Index" library="side_bar_keywords">
<arg>2</arg>
<kw name="Click Element" library="SeleniumLibrary">
<arg>xpath=(//li[@class='oxd-main-menu-item-wrapper'])[${index}]</arg>
<doc>Click the element identified by ``locator``.</doc>
<msg timestamp="20240702 15:15:29.649" level="INFO">Clicking element 'xpath=(//li[@class='oxd-main-menu-item-wrapper'])[2]'.</msg>
<status status="PASS" starttime="20240702 15:15:29.649" endtime="20240702 15:15:30.257"/>
</kw>
<status status="PASS" starttime="20240702 15:15:29.649" endtime="20240702 15:15:30.258"/>
</kw>
<status status="PASS" starttime="20240702 15:15:29.649" endtime="20240702 15:15:30.258"/>
</kw>
<kw name="Then the user should see the PIM title" library="employe_managment_keywords">
<kw name="Wait Until Element Is Visible" library="SeleniumLibrary">
<arg>//span[text()="PIM"]</arg>
<doc>Waits until the element ``locator`` is visible.</doc>
<status status="PASS" starttime="20240702 15:15:30.259" endtime="20240702 15:15:30.566"/>
</kw>
<kw name="Sleep" library="BuiltIn">
<arg>3s</arg>
<doc>Pauses the test executed for the given time.</doc>
<msg timestamp="20240702 15:15:33.568" level="INFO">Slept 3 seconds</msg>
<status status="PASS" starttime="20240702 15:15:30.566" endtime="20240702 15:15:33.568"/>
</kw>
<status status="PASS" starttime="20240702 15:15:30.259" endtime="20240702 15:15:33.570"/>
</kw>
<kw name="And Click Add Button" library="employe_managment_keywords">
<kw name="Click Add Button By Index" library="click_secondary_button_keywords">
<arg>2</arg>
<kw name="Click Element" library="SeleniumLibrary">
<arg>xpath=(//button[contains(@class, 'oxd-button--secondary')])[${index}]</arg>
<doc>Click the element identified by ``locator``.</doc>
<msg timestamp="20240702 15:15:33.572" level="INFO">Clicking element 'xpath=(//button[contains(@class, 'oxd-button--secondary')])[2]'.</msg>
<status status="PASS" starttime="20240702 15:15:33.572" endtime="20240702 15:15:33.996"/>
</kw>
<status status="PASS" starttime="20240702 15:15:33.572" endtime="20240702 15:15:33.996"/>
</kw>
<kw name="Sleep" library="BuiltIn">
<arg>3s</arg>
<doc>Pauses the test executed for the given time.</doc>
<msg timestamp="20240702 15:15:37.003" level="INFO">Slept 3 seconds</msg>
<status status="PASS" starttime="20240702 15:15:33.996" endtime="20240702 15:15:37.003"/>
</kw>
<status status="PASS" starttime="20240702 15:15:33.572" endtime="20240702 15:15:37.003"/>
</kw>
<tag>employe_managment</tag>
<status status="PASS" starttime="20240702 15:15:21.737" endtime="20240702 15:15:37.004"/>
</test>
<status status="PASS" starttime="20240702 15:15:21.425" endtime="20240702 15:15:37.004"/>
</suite>
<status status="PASS" starttime="20240702 15:15:21.393" endtime="20240702 15:15:37.004"/>
</suite>
<statistics>
<total>
<stat pass="1" fail="0" skip="0">All Tests</stat>
</total>
<tag>
<stat pass="1" fail="0" skip="0">employe_managment</stat>
</tag>
<suite>
<stat pass="1" fail="0" skip="0" id="s1" name="Examples">Examples</stat>
<stat pass="1" fail="0" skip="0" id="s1-s1" name="Employe Managment">Examples.Employe Managment</stat>
</suite>
</statistics>
<errors>
<msg timestamp="20240702 15:15:21.737" level="WARN">Imported resource file 'C:\Users\PC\Desktop\robot_framework\Examples\employe_managment_variables.robot' is empty.</msg>
</errors>
</robot>
