<?xml version="1.0" encoding="UTF-8"?>
<robot generator="Robot 6.1.1 (Python 3.10.11 on win32)" generated="20240702 11:42:54.612" rpa="false" schemaversion="4">
<suite id="s1" name="Examples" source="C:\Users\PC\Desktop\robot_framework\Examples">
<suite id="s1-s1" name="My First Selenium" source="C:\Users\PC\Desktop\robot_framework\Examples\my_first_selenium.robot">
<test id="s1-s1-t1" name="My Fisrt Selenium Robot Test" line="12">
<kw name="Given the visitor go to &quot;https://demo.seleniumeasy.com/basic-first-form-demo.html&quot; on browser &quot;chrome&quot;" library="my_selenium_keywords" sourcename="the visitor go to &quot;${url}&quot; on browser &quot;${browser}&quot;">
<kw name="Open Browser" library="SeleniumLibrary">
<arg>${url}</arg>
<arg>${browser}</arg>
<doc>Opens a new browser instance to the optional ``url``.</doc>
<msg timestamp="20240702 11:42:55.146" level="INFO">Opening browser 'chrome' to base url 'https://demo.seleniumeasy.com/basic-first-form-demo.html'.</msg>
<status status="PASS" starttime="20240702 11:42:55.146" endtime="20240702 11:42:59.822"/>
</kw>
<status status="PASS" starttime="20240702 11:42:55.146" endtime="20240702 11:42:59.822"/>
</kw>
<kw name="When the visitor fills the first form" library="my_selenium_keywords">
<kw name="Input Text" library="SeleniumLibrary">
<arg>//input[@id="user-message"]</arg>
<arg>${MESSAGE}</arg>
<doc>Types the given ``text`` into the text field identified by ``locator``.</doc>
<msg timestamp="20240702 11:42:59.822" level="INFO">Typing text 'Lorem Ipsum' into text field '//input[@id="user-message"]'.</msg>
<status status="PASS" starttime="20240702 11:42:59.822" endtime="20240702 11:42:59.976"/>
</kw>
<kw name="Click Element" library="SeleniumLibrary">
<arg>//button[text()="Show Message"]</arg>
<doc>Click the element identified by ``locator``.</doc>
<msg timestamp="20240702 11:42:59.976" level="INFO">Clicking element '//button[text()="Show Message"]'.</msg>
<status status="PASS" starttime="20240702 11:42:59.976" endtime="20240702 11:43:00.058"/>
</kw>
<kw name="Element Should Contain" library="SeleniumLibrary">
<arg>//*[@id="display"]</arg>
<arg>${MESSAGE}</arg>
<doc>Verifies that element ``locator`` contains text ``expected``.</doc>
<msg timestamp="20240702 11:43:00.092" level="INFO">Element '//*[@id="display"]' contains text 'Lorem Ipsum'.</msg>
<status status="PASS" starttime="20240702 11:43:00.058" endtime="20240702 11:43:00.100"/>
</kw>
<status status="PASS" starttime="20240702 11:42:59.822" endtime="20240702 11:43:00.100"/>
</kw>
<kw name="And the visitor fills the second form" library="my_selenium_keywords">
<kw name="Input Text" library="SeleniumLibrary">
<arg>//*[@id="value1"]</arg>
<arg>${VALUE_1}</arg>
<doc>Types the given ``text`` into the text field identified by ``locator``.</doc>
<msg timestamp="20240702 11:43:00.100" level="INFO">Typing text '10' into text field '//*[@id="value1"]'.</msg>
<status status="PASS" starttime="20240702 11:43:00.100" endtime="20240702 11:43:00.232"/>
</kw>
<kw name="Input Text" library="SeleniumLibrary">
<arg>//*[@id="value2"]</arg>
<arg>${VALUE_2}</arg>
<doc>Types the given ``text`` into the text field identified by ``locator``.</doc>
<msg timestamp="20240702 11:43:00.235" level="INFO">Typing text '5' into text field '//*[@id="value2"]'.</msg>
<status status="PASS" starttime="20240702 11:43:00.232" endtime="20240702 11:43:00.363"/>
</kw>
<kw name="Click Element" library="SeleniumLibrary">
<arg>//button[text()="Get Total"]</arg>
<doc>Click the element identified by ``locator``.</doc>
<msg timestamp="20240702 11:43:00.363" level="INFO">Clicking element '//button[text()="Get Total"]'.</msg>
<status status="PASS" starttime="20240702 11:43:00.363" endtime="20240702 11:43:00.443"/>
</kw>
<kw name="Element Should Contain" library="SeleniumLibrary">
<arg>//*[@id="displayvalue"]</arg>
<arg>${${VALUE_1}+${VALUE_2}}</arg>
<doc>Verifies that element ``locator`` contains text ``expected``.</doc>
<msg timestamp="20240702 11:43:00.476" level="INFO">Element '//*[@id="displayvalue"]' contains text '15'.</msg>
<status status="PASS" starttime="20240702 11:43:00.443" endtime="20240702 11:43:00.476"/>
</kw>
<status status="PASS" starttime="20240702 11:43:00.100" endtime="20240702 11:43:00.476"/>
</kw>
<kw name="Then all values are correctly sended" library="my_selenium_keywords">
<kw name="Get Text" library="SeleniumLibrary">
<var>${excepted_message}</var>
<arg>//*[@id="display"]</arg>
<doc>Returns the text value of the element identified by ``locator``.</doc>
<msg timestamp="20240702 11:43:00.492" level="INFO">${excepted_message} = Lorem Ipsum</msg>
<status status="PASS" starttime="20240702 11:43:00.476" endtime="20240702 11:43:00.492"/>
</kw>
<kw name="Get Text" library="SeleniumLibrary">
<var>${excepted_value}</var>
<arg>//*[@id="displayvalue"]</arg>
<doc>Returns the text value of the element identified by ``locator``.</doc>
<msg timestamp="20240702 11:43:00.518" level="INFO">${excepted_value} = 15</msg>
<status status="PASS" starttime="20240702 11:43:00.492" endtime="20240702 11:43:00.518"/>
</kw>
<kw name="Should Be Equal As Strings" library="BuiltIn">
<arg>${excepted_message}</arg>
<arg>${MESSAGE}</arg>
<doc>Fails if objects are unequal after converting them to strings.</doc>
<status status="PASS" starttime="20240702 11:43:00.518" endtime="20240702 11:43:00.518"/>
</kw>
<kw name="Should Be Equal As Strings" library="BuiltIn">
<arg>${excepted_value}</arg>
<arg>${${VALUE_1}+${VALUE_2}}</arg>
<doc>Fails if objects are unequal after converting them to strings.</doc>
<msg timestamp="20240702 11:43:00.518" level="INFO">Argument types are:
&lt;class 'str'&gt;
&lt;class 'int'&gt;</msg>
<status status="PASS" starttime="20240702 11:43:00.518" endtime="20240702 11:43:00.518"/>
</kw>
<status status="PASS" starttime="20240702 11:43:00.476" endtime="20240702 11:43:00.518"/>
</kw>
<tag>my_first_selenium</tag>
<status status="PASS" starttime="20240702 11:42:55.146" endtime="20240702 11:43:00.518"/>
</test>
<status status="PASS" starttime="20240702 11:42:54.653" endtime="20240702 11:43:00.518"/>
</suite>
<status status="PASS" starttime="20240702 11:42:54.612" endtime="20240702 11:43:00.527"/>
</suite>
<statistics>
<total>
<stat pass="1" fail="0" skip="0">All Tests</stat>
</total>
<tag>
<stat pass="1" fail="0" skip="0">my_first_selenium</stat>
</tag>
<suite>
<stat pass="1" fail="0" skip="0" id="s1" name="Examples">Examples</stat>
<stat pass="1" fail="0" skip="0" id="s1-s1" name="My First Selenium">Examples.My First Selenium</stat>
</suite>
</statistics>
<errors>
</errors>
</robot>
